c:\users\pc\source\repos\countevenhw1\countevenhw1\x64\debug\vc143.pdb
c:\users\pc\source\repos\countevenhw1\countevenhw1\x64\debug\vc143.idb
c:\users\pc\source\repos\countevenhw1\countevenhw1\x64\debug\countevenhw1.obj
c:\users\pc\source\repos\countevenhw1\countevenhw1\x64\debug\countevenhw1.ilk
c:\users\pc\source\repos\countevenhw1\x64\debug\countevenhw1.pdb
c:\users\pc\source\repos\countevenhw1\countevenhw1\x64\debug\countevenhw1.tlog\cl.command.1.tlog
c:\users\pc\source\repos\countevenhw1\countevenhw1\x64\debug\countevenhw1.tlog\cl.items.tlog
c:\users\pc\source\repos\countevenhw1\countevenhw1\x64\debug\countevenhw1.tlog\cl.read.1.tlog
c:\users\pc\source\repos\countevenhw1\countevenhw1\x64\debug\countevenhw1.tlog\cl.write.1.tlog
c:\users\pc\source\repos\countevenhw1\countevenhw1\x64\debug\countevenhw1.tlog\link.150660-cvtres.read.1.tlog
c:\users\pc\source\repos\countevenhw1\countevenhw1\x64\debug\countevenhw1.tlog\link.150660-cvtres.write.1.tlog
c:\users\pc\source\repos\countevenhw1\countevenhw1\x64\debug\countevenhw1.tlog\link.150660-rc.read.1.tlog
c:\users\pc\source\repos\countevenhw1\countevenhw1\x64\debug\countevenhw1.tlog\link.150660-rc.write.1.tlog
c:\users\pc\source\repos\countevenhw1\countevenhw1\x64\debug\countevenhw1.tlog\link.150660.read.1.tlog
c:\users\pc\source\repos\countevenhw1\countevenhw1\x64\debug\countevenhw1.tlog\link.150660.read.2.tlog
c:\users\pc\source\repos\countevenhw1\countevenhw1\x64\debug\countevenhw1.tlog\link.150660.read.3.tlog
c:\users\pc\source\repos\countevenhw1\countevenhw1\x64\debug\countevenhw1.tlog\link.150660.read.4.tlog
c:\users\pc\source\repos\countevenhw1\countevenhw1\x64\debug\countevenhw1.tlog\link.150660.write.1.tlog
c:\users\pc\source\repos\countevenhw1\countevenhw1\x64\debug\countevenhw1.tlog\link.command.1.tlog
c:\users\pc\source\repos\countevenhw1\countevenhw1\x64\debug\countevenhw1.tlog\link.read.1.tlog
c:\users\pc\source\repos\countevenhw1\countevenhw1\x64\debug\countevenhw1.tlog\link.secondary.1.tlog
c:\users\pc\source\repos\countevenhw1\countevenhw1\x64\debug\countevenhw1.tlog\link.write.1.tlog
